

====================> NEW TCL SESSION

(05/20/20 15:39:55)
Command:
Path check
Message:
LSD directory path includes spaces, move all the LSD directory in another directory without spaces in the path
-----

(05/20/20 15:39:58)
Command:
LsdExit
Message:
invalid command name "LsdExit"
-----


====================> NEW TCL SESSION

(05/20/20 15:40:01)
Command:
Path check
Message:
LSD directory path includes spaces, move all the LSD directory in another directory without spaces in the path
-----

(05/20/20 15:40:05)
Command:
LsdExit
Message:
invalid command name "LsdExit"
-----


====================> NEW TCL SESSION

(06/02/20 12:36:25)
Command:
FATAL ERROR
Message:
System Signal received: SIGSEGV (Segmentation violation)
-----


====================> NEW TCL SESSION

(06/03/20 19:40:00)
Command:
FATAL ERROR
Message:
System Signal received: SIGSEGV (Segmentation violation)
-----


====================> NEW TCL SESSION

(06/04/20 10:26:51)
Command:
FATAL ERROR
Message:
System Signal received: SIGSEGV (Segmentation violation)
-----
